TN:
SF:src/renderer/src/App.tsx
FN:9,App
FNF:1
FNH:0
FNDA:0,App
DA:1,0
DA:2,0
DA:3,0
DA:4,0
DA:5,0
DA:6,0
DA:7,0
DA:10,0
DA:25,0
LF:9
LH:0
BRF:0
BRH:0
end_of_record
TN:
SF:src/renderer/src/main.tsx
FNF:0
FNH:0
DA:1,0
DA:2,0
DA:3,0
DA:4,0
DA:6,0
LF:5
LH:0
BRF:0
BRH:0
end_of_record
TN:
SF:src/renderer/src/components/Layout.tsx
FN:14,Layout
FN:19,(anonymous_1)
FN:26,(anonymous_2)
FN:29,(anonymous_3)
FN:43,(anonymous_4)
FN:44,(anonymous_5)
FN:49,(anonymous_6)
FN:59,(anonymous_7)
FN:81,(anonymous_8)
FN:90,(anonymous_9)
FN:138,(anonymous_10)
FNF:11
FNH:0
FNDA:0,Layout
FNDA:0,(anonymous_1)
FNDA:0,(anonymous_2)
FNDA:0,(anonymous_3)
FNDA:0,(anonymous_4)
FNDA:0,(anonymous_5)
FNDA:0,(anonymous_6)
FNDA:0,(anonymous_7)
FNDA:0,(anonymous_8)
FNDA:0,(anonymous_9)
FNDA:0,(anonymous_10)
DA:1,0
DA:2,0
DA:14,0
DA:15,0
DA:16,0
DA:17,0
DA:19,0
DA:21,0
DA:24,0
DA:26,0
DA:29,0
DA:30,0
DA:31,0
DA:33,0
DA:34,0
DA:41,0
DA:42,0
DA:43,0
DA:44,0
DA:46,0
DA:47,0
DA:48,0
DA:49,0
DA:56,0
DA:57,0
DA:58,0
DA:59,0
DA:66,0
DA:70,0
DA:74,0
DA:81,0
DA:82,0
DA:90,0
DA:91,0
DA:94,0
DA:139,0
LF:36
LH:0
BRDA:31,0,0,0
BRDA:35,1,0,0
BRDA:35,1,1,0
BRDA:36,2,0,0
BRDA:36,2,1,0
BRDA:37,3,0,0
BRDA:37,3,1,0
BRDA:46,4,0,0
BRDA:46,5,0,0
BRDA:46,5,1,0
BRDA:48,6,0,0
BRDA:56,7,0,0
BRDA:56,8,0,0
BRDA:56,8,1,0
BRDA:58,9,0,0
BRDA:128,10,0,0
BRDA:128,10,1,0
BRDA:132,11,0,0
BRDA:132,11,1,0
BRDA:143,12,0,0
BRDA:143,12,1,0
BRF:21
BRH:0
end_of_record
TN:
SF:src/renderer/src/pages/CampaignCreate.tsx
FN:4,CampaignCreate
FN:22,(anonymous_1)
FN:26,(anonymous_2)
FN:32,(anonymous_3)
FN:43,(anonymous_4)
FN:45,(anonymous_5)
FN:51,(anonymous_6)
FN:68,(anonymous_7)
FN:82,(anonymous_8)
FN:178,(anonymous_9)
FN:295,(anonymous_10)
FNF:11
FNH:3
FNDA:12,CampaignCreate
FNDA:12,(anonymous_1)
FNDA:12,(anonymous_2)
FNDA:0,(anonymous_3)
FNDA:0,(anonymous_4)
FNDA:0,(anonymous_5)
FNDA:0,(anonymous_6)
FNDA:0,(anonymous_7)
FNDA:0,(anonymous_8)
FNDA:0,(anonymous_9)
FNDA:0,(anonymous_10)
DA:1,1
DA:2,1
DA:4,1
DA:5,12
DA:6,12
DA:18,12
DA:19,12
DA:20,12
DA:22,12
DA:23,12
DA:26,12
DA:27,12
DA:28,12
DA:29,0
DA:30,0
DA:31,0
DA:32,0
DA:39,0
DA:43,12
DA:44,0
DA:45,0
DA:51,12
DA:52,0
DA:53,0
DA:54,0
DA:57,0
DA:58,0
DA:59,0
DA:60,0
DA:67,0
DA:68,0
DA:72,0
DA:75,0
DA:76,0
DA:78,0
DA:82,12
DA:83,0
DA:85,0
DA:86,0
DA:87,0
DA:90,0
DA:91,0
DA:94,0
DA:95,0
DA:96,0
DA:101,0
DA:102,0
DA:109,0
DA:110,0
DA:111,0
DA:115,0
DA:116,0
DA:126,0
DA:128,0
DA:129,0
DA:132,0
DA:133,0
DA:135,0
DA:139,12
DA:179,0
DA:295,0
LF:61
LH:17
BRDA:28,0,0,0
BRDA:31,1,0,0
BRDA:47,2,0,0
BRDA:47,2,1,0
BRDA:52,3,0,0
BRDA:52,4,0,0
BRDA:52,4,1,0
BRDA:52,4,2,0
BRDA:59,5,0,0
BRDA:76,6,0,0
BRDA:76,6,1,0
BRDA:85,7,0,0
BRDA:85,8,0,0
BRDA:85,8,1,0
BRDA:85,8,2,0
BRDA:94,9,0,0
BRDA:101,10,0,0
BRDA:101,11,0,0
BRDA:101,11,1,0
BRDA:115,12,0,0
BRDA:133,13,0,0
BRDA:133,13,1,0
BRDA:274,14,0,12
BRDA:274,14,1,0
BRDA:290,15,0,0
BRDA:290,15,1,12
BRF:26
BRH:2
end_of_record
TN:
SF:src/renderer/src/pages/CampaignDetail.tsx
FN:25,CampaignDetail
FN:42,(anonymous_1)
FN:48,(anonymous_2)
FN:59,(anonymous_3)
FN:64,(anonymous_4)
FN:75,(anonymous_5)
FN:92,(anonymous_6)
FN:99,(anonymous_7)
FN:122,(anonymous_8)
FN:132,(anonymous_9)
FN:135,(anonymous_10)
FN:139,(anonymous_11)
FN:149,(anonymous_12)
FN:154,(anonymous_13)
FN:171,(anonymous_14)
FN:185,(anonymous_15)
FN:211,(anonymous_16)
FN:232,(anonymous_17)
FN:235,(anonymous_18)
FN:236,(anonymous_19)
FN:249,(anonymous_20)
FN:249,(anonymous_21)
FN:267,(anonymous_22)
FN:277,(anonymous_23)
FN:305,(anonymous_24)
FN:353,(anonymous_25)
FN:420,(anonymous_26)
FN:505,(anonymous_27)
FN:511,(anonymous_28)
FN:517,(anonymous_29)
FN:523,(anonymous_30)
FNF:31
FNH:8
FNDA:34,CampaignDetail
FNDA:18,(anonymous_1)
FNDA:18,(anonymous_2)
FNDA:16,(anonymous_3)
FNDA:0,(anonymous_4)
FNDA:16,(anonymous_5)
FNDA:34,(anonymous_6)
FNDA:0,(anonymous_7)
FNDA:0,(anonymous_8)
FNDA:0,(anonymous_9)
FNDA:0,(anonymous_10)
FNDA:0,(anonymous_11)
FNDA:0,(anonymous_12)
FNDA:0,(anonymous_13)
FNDA:0,(anonymous_14)
FNDA:0,(anonymous_15)
FNDA:0,(anonymous_16)
FNDA:0,(anonymous_17)
FNDA:0,(anonymous_18)
FNDA:0,(anonymous_19)
FNDA:0,(anonymous_20)
FNDA:0,(anonymous_21)
FNDA:16,(anonymous_22)
FNDA:16,(anonymous_23)
FNDA:0,(anonymous_24)
FNDA:0,(anonymous_25)
FNDA:0,(anonymous_26)
FNDA:0,(anonymous_27)
FNDA:0,(anonymous_28)
FNDA:0,(anonymous_29)
FNDA:0,(anonymous_30)
DA:1,1
DA:2,1
DA:25,1
DA:26,34
DA:27,34
DA:29,34
DA:30,34
DA:31,34
DA:32,34
DA:33,34
DA:34,34
DA:35,34
DA:36,34
DA:37,34
DA:38,34
DA:39,34
DA:40,34
DA:42,34
DA:43,18
DA:44,18
DA:48,34
DA:49,18
DA:50,18
DA:51,18
DA:52,17
DA:55,0
DA:59,34
DA:60,16
DA:62,16
DA:63,16
DA:64,0
DA:66,0
DA:67,0
DA:68,0
DA:71,16
DA:75,34
DA:76,16
DA:78,16
DA:79,16
DA:80,16
DA:85,0
DA:88,16
DA:92,34
DA:93,34
DA:94,16
DA:95,16
DA:99,34
DA:100,0
DA:101,0
DA:102,0
DA:105,0
DA:106,0
DA:107,0
DA:108,0
DA:109,0
DA:110,0
DA:111,0
DA:115,0
DA:116,0
DA:118,0
DA:122,34
DA:123,0
DA:124,0
DA:126,0
DA:128,0
DA:129,0
DA:131,0
DA:132,0
DA:135,0
DA:137,0
DA:139,0
DA:140,0
DA:141,0
DA:144,0
DA:145,0
DA:149,34
DA:150,0
DA:152,0
DA:153,0
DA:154,0
DA:156,0
DA:157,0
DA:164,0
DA:167,0
DA:171,34
DA:172,0
DA:173,0
DA:174,0
DA:177,0
DA:178,0
DA:179,0
DA:182,0
DA:183,0
DA:184,0
DA:185,0
DA:187,0
DA:188,0
DA:196,0
DA:197,0
DA:198,0
DA:200,0
DA:204,0
DA:205,0
DA:207,0
DA:211,34
DA:212,0
DA:213,0
DA:214,0
DA:217,0
DA:218,0
DA:219,0
DA:222,0
DA:223,0
DA:224,0
DA:227,0
DA:228,0
DA:230,0
DA:231,0
DA:232,0
DA:234,0
DA:235,0
DA:236,0
DA:238,0
DA:247,0
DA:248,0
DA:249,0
DA:254,0
DA:256,0
DA:260,0
DA:261,0
DA:263,0
DA:267,34
DA:268,16
DA:269,1
DA:270,1
DA:271,0
DA:272,0
DA:273,14
DA:277,34
DA:278,16
DA:279,1
DA:280,13
DA:281,1
DA:282,0
DA:283,1
DA:284,0
DA:285,0
DA:289,34
DA:290,18
DA:300,16
DA:305,0
DA:353,0
DA:421,0
DA:505,0
DA:511,0
DA:517,0
DA:523,0
LF:157
LH:59
BRDA:43,0,0,18
BRDA:50,1,0,18
BRDA:50,2,0,18
BRDA:50,2,1,18
BRDA:60,3,0,0
BRDA:60,4,0,16
BRDA:60,4,1,16
BRDA:66,5,0,0
BRDA:66,6,0,0
BRDA:66,6,1,0
BRDA:76,7,0,0
BRDA:76,8,0,16
BRDA:76,8,1,16
BRDA:76,8,2,16
BRDA:79,9,0,16
BRDA:85,10,0,0
BRDA:85,10,1,0
BRDA:93,11,0,16
BRDA:100,12,0,0
BRDA:107,13,0,0
BRDA:110,14,0,0
BRDA:124,15,0,0
BRDA:129,16,0,0
BRDA:133,17,0,0
BRDA:133,17,1,0
BRDA:133,17,2,0
BRDA:134,18,0,0
BRDA:134,18,1,0
BRDA:134,18,2,0
BRDA:134,18,3,0
BRDA:135,19,0,0
BRDA:135,19,1,0
BRDA:140,20,0,0
BRDA:140,20,1,0
BRDA:150,21,0,0
BRDA:150,22,0,0
BRDA:150,22,1,0
BRDA:150,22,2,0
BRDA:150,22,3,0
BRDA:156,23,0,0
BRDA:156,24,0,0
BRDA:156,24,1,0
BRDA:164,25,0,0
BRDA:164,25,1,0
BRDA:172,26,0,0
BRDA:172,27,0,0
BRDA:172,27,1,0
BRDA:172,27,2,0
BRDA:172,27,3,0
BRDA:177,28,0,0
BRDA:187,29,0,0
BRDA:187,30,0,0
BRDA:187,30,1,0
BRDA:196,31,0,0
BRDA:196,31,1,0
BRDA:205,32,0,0
BRDA:205,32,1,0
BRDA:212,33,0,0
BRDA:217,34,0,0
BRDA:222,35,0,0
BRDA:222,36,0,0
BRDA:222,36,1,0
BRDA:222,36,2,0
BRDA:234,37,0,0
BRDA:234,38,0,0
BRDA:234,38,1,0
BRDA:247,39,0,0
BRDA:247,39,1,0
BRDA:261,40,0,0
BRDA:261,40,1,0
BRDA:268,41,0,1
BRDA:268,41,1,1
BRDA:268,41,2,0
BRDA:268,41,3,0
BRDA:268,41,4,14
BRDA:278,42,0,1
BRDA:278,42,1,13
BRDA:278,42,2,1
BRDA:278,42,3,0
BRDA:278,42,4,1
BRDA:278,42,5,0
BRDA:278,42,6,0
BRDA:289,43,0,18
BRDA:332,44,0,16
BRDA:332,44,1,0
BRDA:336,45,0,16
BRDA:336,45,1,0
BRDA:346,46,0,16
BRDA:346,46,1,16
BRDA:362,47,0,0
BRDA:362,47,1,16
BRDA:368,48,0,16
BRDA:368,48,1,0
BRDA:376,49,0,0
BRDA:376,49,1,0
BRDA:380,50,0,0
BRDA:380,50,1,0
BRDA:405,51,0,0
BRDA:405,51,1,0
BRDA:427,52,0,0
BRDA:427,52,1,0
BRDA:455,53,0,0
BRDA:455,53,1,0
BRDA:461,54,0,0
BRDA:461,54,1,0
BRDA:465,55,0,0
BRDA:465,55,1,0
BRDA:474,56,0,0
BRDA:474,56,1,0
BRDA:474,56,2,0
BRDA:483,57,0,0
BRDA:483,57,1,0
BRDA:486,58,0,0
BRDA:486,58,1,0
BRDA:505,59,0,0
BRDA:505,59,1,0
BRF:116
BRH:25
end_of_record
TN:
SF:src/renderer/src/pages/Dashboard.tsx
FN:26,Dashboard
FN:38,(anonymous_1)
FN:42,(anonymous_2)
FN:51,(anonymous_3)
FN:52,(anonymous_4)
FN:53,(anonymous_5)
FN:66,(anonymous_6)
FN:77,(anonymous_7)
FN:89,(anonymous_8)
FN:100,(anonymous_9)
FN:120,(anonymous_10)
FN:165,(anonymous_11)
FN:176,(anonymous_12)
FN:187,(anonymous_13)
FN:203,(anonymous_14)
FN:215,(anonymous_15)
FN:223,(anonymous_16)
FN:239,(anonymous_17)
FN:275,(anonymous_18)
FN:301,(anonymous_19)
FN:320,(anonymous_20)
FNF:21
FNH:12
FNDA:23,Dashboard
FNDA:12,(anonymous_1)
FNDA:12,(anonymous_2)
FNDA:30,(anonymous_3)
FNDA:30,(anonymous_4)
FNDA:30,(anonymous_5)
FNDA:50,(anonymous_6)
FNDA:50,(anonymous_7)
FNDA:50,(anonymous_8)
FNDA:30,(anonymous_9)
FNDA:0,(anonymous_10)
FNDA:0,(anonymous_11)
FNDA:0,(anonymous_12)
FNDA:0,(anonymous_13)
FNDA:0,(anonymous_14)
FNDA:0,(anonymous_15)
FNDA:20,(anonymous_16)
FNDA:0,(anonymous_17)
FNDA:0,(anonymous_18)
FNDA:30,(anonymous_19)
FNDA:0,(anonymous_20)
DA:1,1
DA:2,1
DA:26,1
DA:27,23
DA:28,23
DA:29,23
DA:36,23
DA:38,23
DA:39,12
DA:42,23
DA:43,12
DA:44,12
DA:45,12
DA:46,11
DA:49,11
DA:51,30
DA:52,30
DA:53,30
DA:57,11
DA:60,0
DA:62,11
DA:66,23
DA:67,50
DA:68,10
DA:69,20
DA:70,0
DA:71,0
DA:72,20
DA:73,0
DA:77,23
DA:78,50
DA:79,0
DA:80,20
DA:81,20
DA:82,0
DA:83,10
DA:84,0
DA:85,0
DA:89,23
DA:90,50
DA:97,50
DA:100,23
DA:101,30
DA:104,23
DA:105,12
DA:115,11
DA:120,0
DA:165,0
DA:176,0
DA:187,0
DA:203,0
DA:215,0
DA:224,20
DA:239,0
DA:275,0
DA:302,30
DA:320,0
LF:57
LH:40
BRDA:44,0,0,12
BRDA:67,1,0,10
BRDA:67,1,1,20
BRDA:67,1,2,0
BRDA:67,1,3,0
BRDA:67,1,4,20
BRDA:67,1,5,0
BRDA:78,2,0,0
BRDA:78,2,1,20
BRDA:78,2,2,20
BRDA:78,2,3,0
BRDA:78,2,4,10
BRDA:78,2,5,0
BRDA:78,2,6,0
BRDA:97,3,0,50
BRDA:97,3,1,0
BRDA:104,4,0,12
BRDA:138,5,0,10
BRDA:138,5,1,1
BRDA:151,6,0,10
BRDA:151,6,1,1
BRDA:210,7,0,1
BRDA:210,7,1,10
BRDA:248,8,0,20
BRDA:248,8,1,20
BRDA:258,9,0,20
BRDA:258,9,1,0
BRDA:282,10,0,1
BRDA:282,10,1,10
BRF:29
BRH:20
end_of_record
TN:
SF:src/renderer/src/pages/History.tsx
FN:18,History
FN:27,(anonymous_1)
FN:31,(anonymous_2)
FN:44,(anonymous_3)
FN:55,(anonymous_4)
FN:67,(anonymous_5)
FN:79,(anonymous_6)
FN:92,(anonymous_7)
FN:112,(anonymous_8)
FN:142,(anonymous_9)
FN:158,(anonymous_10)
FN:164,(anonymous_11)
FN:170,(anonymous_12)
FN:183,(anonymous_13)
FN:193,(anonymous_14)
FN:209,(anonymous_15)
FN:222,(anonymous_16)
FN:239,(anonymous_17)
FN:263,(anonymous_18)
FN:312,(anonymous_19)
FN:321,(anonymous_20)
FN:327,(anonymous_21)
FN:345,(anonymous_22)
FN:383,(anonymous_23)
FN:391,(anonymous_24)
FN:397,(anonymous_25)
FNF:26
FNH:13
FNDA:47,History
FNDA:24,(anonymous_1)
FNDA:24,(anonymous_2)
FNDA:220,(anonymous_3)
FNDA:220,(anonymous_4)
FNDA:220,(anonymous_5)
FNDA:110,(anonymous_6)
FNDA:88,(anonymous_7)
FNDA:0,(anonymous_8)
FNDA:0,(anonymous_9)
FNDA:110,(anonymous_10)
FNDA:110,(anonymous_11)
FNDA:110,(anonymous_12)
FNDA:0,(anonymous_13)
FNDA:0,(anonymous_14)
FNDA:0,(anonymous_15)
FNDA:0,(anonymous_16)
FNDA:0,(anonymous_17)
FNDA:110,(anonymous_18)
FNDA:0,(anonymous_19)
FNDA:0,(anonymous_20)
FNDA:0,(anonymous_21)
FNDA:110,(anonymous_22)
FNDA:0,(anonymous_23)
FNDA:0,(anonymous_24)
FNDA:0,(anonymous_25)
DA:1,1
DA:2,1
DA:18,1
DA:19,47
DA:20,47
DA:21,47
DA:22,47
DA:23,47
DA:24,47
DA:25,47
DA:27,47
DA:28,24
DA:31,47
DA:32,24
DA:33,24
DA:34,24
DA:35,23
DA:38,0
DA:40,23
DA:44,47
DA:45,220
DA:46,44
DA:47,44
DA:48,44
DA:49,44
DA:50,44
DA:51,0
DA:55,47
DA:56,220
DA:57,0
DA:58,44
DA:59,44
DA:60,44
DA:61,44
DA:62,44
DA:63,0
DA:67,47
DA:68,220
DA:75,220
DA:78,47
DA:81,110
DA:82,0
DA:86,110
DA:87,0
DA:90,110
DA:93,88
DA:95,88
DA:97,0
DA:98,0
DA:100,0
DA:101,0
DA:103,88
DA:104,88
DA:106,0
DA:109,88
DA:112,47
DA:113,0
DA:114,0
DA:115,0
DA:116,0
DA:117,0
DA:121,0
DA:122,0
DA:126,47
DA:127,24
DA:137,23
DA:142,0
DA:158,110
DA:164,110
DA:170,110
DA:183,0
DA:193,0
DA:209,0
DA:222,0
DA:239,0
DA:264,110
DA:312,0
DA:321,0
DA:327,0
DA:346,110
DA:383,0
DA:391,0
DA:397,0
LF:83
LH:53
BRDA:33,0,0,24
BRDA:45,1,0,44
BRDA:45,1,1,44
BRDA:45,1,2,44
BRDA:45,1,3,44
BRDA:45,1,4,44
BRDA:45,1,5,0
BRDA:56,2,0,0
BRDA:56,2,1,44
BRDA:56,2,2,44
BRDA:56,2,3,44
BRDA:56,2,4,44
BRDA:56,2,5,44
BRDA:56,2,6,0
BRDA:75,3,0,220
BRDA:75,3,1,0
BRDA:81,4,0,0
BRDA:81,5,0,110
BRDA:81,5,1,0
BRDA:86,6,0,0
BRDA:86,7,0,110
BRDA:86,7,1,0
BRDA:95,8,0,0
BRDA:95,8,1,0
BRDA:95,8,2,88
BRDA:95,8,3,0
BRDA:109,9,0,0
BRDA:109,9,1,88
BRDA:114,10,0,0
BRDA:116,11,0,0
BRDA:126,12,0,24
BRDA:234,13,0,1
BRDA:234,13,1,22
BRDA:267,14,0,110
BRDA:267,14,1,110
BRDA:283,15,0,110
BRDA:283,15,1,110
BRDA:290,16,0,110
BRDA:290,16,1,110
BRDA:317,17,0,110
BRDA:317,17,1,22
BRDA:350,18,0,110
BRDA:350,18,1,110
BRDA:365,19,0,110
BRDA:365,19,1,0
BRDA:368,20,0,110
BRDA:368,20,1,110
BRDA:388,21,0,110
BRDA:388,21,1,22
BRF:49
BRH:34
end_of_record
TN:
SF:src/renderer/src/pages/Settings.tsx
FN:29,Settings
FN:59,(anonymous_1)
FN:63,(anonymous_2)
FN:80,(anonymous_3)
FN:110,(anonymous_4)
FN:123,(anonymous_5)
FN:138,(anonymous_6)
FN:162,(anonymous_7)
FN:177,(anonymous_8)
FN:189,(anonymous_9)
FN:205,(anonymous_10)
FN:229,(anonymous_11)
FN:256,(anonymous_12)
FN:266,(anonymous_13)
FN:276,(anonymous_14)
FN:286,(anonymous_15)
FN:308,(anonymous_16)
FN:308,(anonymous_17)
FN:315,(anonymous_18)
FN:315,(anonymous_19)
FN:322,(anonymous_20)
FN:322,(anonymous_21)
FN:329,(anonymous_22)
FN:329,(anonymous_23)
FN:336,(anonymous_24)
FN:336,(anonymous_25)
FN:343,(anonymous_26)
FN:343,(anonymous_27)
FN:359,(anonymous_28)
FN:375,(anonymous_29)
FN:385,(anonymous_30)
FN:392,(anonymous_31)
FN:416,(anonymous_32)
FN:416,(anonymous_33)
FN:427,(anonymous_34)
FN:427,(anonymous_35)
FN:434,(anonymous_36)
FN:434,(anonymous_37)
FN:441,(anonymous_38)
FN:441,(anonymous_39)
FN:448,(anonymous_40)
FN:448,(anonymous_41)
FN:464,(anonymous_42)
FN:479,(anonymous_43)
FN:485,(anonymous_44)
FN:516,(anonymous_45)
FN:523,(anonymous_46)
FNF:47
FNH:0
FNDA:0,Settings
FNDA:0,(anonymous_1)
FNDA:0,(anonymous_2)
FNDA:0,(anonymous_3)
FNDA:0,(anonymous_4)
FNDA:0,(anonymous_5)
FNDA:0,(anonymous_6)
FNDA:0,(anonymous_7)
FNDA:0,(anonymous_8)
FNDA:0,(anonymous_9)
FNDA:0,(anonymous_10)
FNDA:0,(anonymous_11)
FNDA:0,(anonymous_12)
FNDA:0,(anonymous_13)
FNDA:0,(anonymous_14)
FNDA:0,(anonymous_15)
FNDA:0,(anonymous_16)
FNDA:0,(anonymous_17)
FNDA:0,(anonymous_18)
FNDA:0,(anonymous_19)
FNDA:0,(anonymous_20)
FNDA:0,(anonymous_21)
FNDA:0,(anonymous_22)
FNDA:0,(anonymous_23)
FNDA:0,(anonymous_24)
FNDA:0,(anonymous_25)
FNDA:0,(anonymous_26)
FNDA:0,(anonymous_27)
FNDA:0,(anonymous_28)
FNDA:0,(anonymous_29)
FNDA:0,(anonymous_30)
FNDA:0,(anonymous_31)
FNDA:0,(anonymous_32)
FNDA:0,(anonymous_33)
FNDA:0,(anonymous_34)
FNDA:0,(anonymous_35)
FNDA:0,(anonymous_36)
FNDA:0,(anonymous_37)
FNDA:0,(anonymous_38)
FNDA:0,(anonymous_39)
FNDA:0,(anonymous_40)
FNDA:0,(anonymous_41)
FNDA:0,(anonymous_42)
FNDA:0,(anonymous_43)
FNDA:0,(anonymous_44)
FNDA:0,(anonymous_45)
FNDA:0,(anonymous_46)
DA:1,0
DA:29,0
DA:30,0
DA:31,0
DA:32,0
DA:33,0
DA:34,0
DA:35,0
DA:36,0
DA:39,0
DA:50,0
DA:59,0
DA:60,0
DA:63,0
DA:64,0
DA:65,0
DA:66,0
DA:67,0
DA:68,0
DA:69,0
DA:72,0
DA:73,0
DA:76,0
DA:80,0
DA:81,0
DA:82,0
DA:83,0
DA:89,0
DA:90,0
DA:91,0
DA:101,0
DA:105,0
DA:106,0
DA:110,0
DA:111,0
DA:112,0
DA:113,0
DA:114,0
DA:115,0
DA:118,0
DA:119,0
DA:123,0
DA:124,0
DA:126,0
DA:127,0
DA:128,0
DA:129,0
DA:130,0
DA:133,0
DA:134,0
DA:138,0
DA:139,0
DA:140,0
DA:141,0
DA:143,0
DA:144,0
DA:145,0
DA:153,0
DA:157,0
DA:158,0
DA:162,0
DA:163,0
DA:165,0
DA:166,0
DA:167,0
DA:168,0
DA:169,0
DA:172,0
DA:173,0
DA:177,0
DA:178,0
DA:179,0
DA:180,0
DA:181,0
DA:184,0
DA:185,0
DA:189,0
DA:190,0
DA:191,0
DA:192,0
DA:193,0
DA:194,0
DA:196,0
DA:200,0
DA:201,0
DA:205,0
DA:206,0
DA:207,0
DA:208,0
DA:211,0
DA:212,0
DA:213,0
DA:215,0
DA:216,0
DA:217,0
DA:218,0
DA:220,0
DA:224,0
DA:225,0
DA:229,0
DA:230,0
DA:231,0
DA:232,0
DA:233,0
DA:234,0
DA:235,0
DA:236,0
DA:237,0
DA:238,0
DA:239,0
DA:240,0
DA:241,0
DA:242,0
DA:244,0
DA:245,0
DA:249,0
DA:256,0
DA:266,0
DA:276,0
DA:286,0
DA:308,0
DA:315,0
DA:322,0
DA:329,0
DA:336,0
DA:343,0
DA:360,0
DA:375,0
DA:385,0
DA:392,0
DA:416,0
DA:427,0
DA:434,0
DA:441,0
DA:448,0
DA:465,0
DA:479,0
DA:485,0
DA:516,0
DA:523,0
LF:140
LH:0
BRDA:65,0,0,0
BRDA:72,1,0,0
BRDA:82,2,0,0
BRDA:89,3,0,0
BRDA:112,4,0,0
BRDA:124,5,0,0
BRDA:127,6,0,0
BRDA:140,7,0,0
BRDA:143,8,0,0
BRDA:163,9,0,0
BRDA:166,10,0,0
BRDA:179,11,0,0
BRDA:191,12,0,0
BRDA:193,13,0,0
BRDA:193,13,1,0
BRDA:206,14,0,0
BRDA:206,15,0,0
BRDA:206,15,1,0
BRDA:212,16,0,0
BRDA:215,17,0,0
BRDA:215,17,1,0
BRDA:258,18,0,0
BRDA:258,18,1,0
BRDA:268,19,0,0
BRDA:268,19,1,0
BRDA:278,20,0,0
BRDA:278,20,1,0
BRDA:288,21,0,0
BRDA:288,21,1,0
BRDA:298,22,0,0
BRDA:298,22,1,0
BRDA:368,23,0,0
BRDA:368,23,1,0
BRDA:377,24,0,0
BRDA:377,24,1,0
BRDA:382,25,0,0
BRDA:382,25,1,0
BRDA:390,26,0,0
BRDA:390,26,1,0
BRDA:360,27,0,0
BRDA:360,27,1,0
BRDA:408,28,0,0
BRDA:408,28,1,0
BRDA:472,29,0,0
BRDA:472,29,1,0
BRDA:473,30,0,0
BRDA:473,30,1,0
BRDA:500,31,0,0
BRDA:500,31,1,0
BRDA:506,32,0,0
BRDA:506,32,1,0
BRDA:540,33,0,0
BRDA:540,33,1,0
BRF:53
BRH:0
end_of_record
