TN:
SF:src/main/preload.ts
FN:7,(anonymous_0)
FN:8,(anonymous_1)
FN:9,(anonymous_2)
FN:10,(anonymous_3)
FN:11,(anonymous_4)
FN:12,(anonymous_5)
FN:13,(anonymous_6)
FN:19,(anonymous_7)
FN:20,(anonymous_8)
FN:21,(anonymous_9)
FN:23,(anonymous_10)
FN:24,(anonymous_11)
FN:25,(anonymous_12)
FN:27,(anonymous_13)
FN:29,(anonymous_14)
FN:35,(anonymous_15)
FN:37,(anonymous_16)
FN:39,(anonymous_17)
FN:41,(anonymous_18)
FN:43,(anonymous_19)
FN:45,(anonymous_20)
FN:47,(anonymous_21)
FN:49,(anonymous_22)
FN:51,(anonymous_23)
FN:53,(anonymous_24)
FN:55,(anonymous_25)
FN:57,(anonymous_26)
FN:63,(anonymous_27)
FN:64,(anonymous_28)
FN:69,(anonymous_29)
FN:70,(anonymous_30)
FN:76,(anonymous_31)
FN:77,(anonymous_32)
FN:78,(anonymous_33)
FN:79,(anonymous_34)
FN:84,(anonymous_35)
FN:85,(anonymous_36)
FN:90,(anonymous_37)
FN:91,(anonymous_38)
FN:93,(anonymous_39)
FN:95,(anonymous_40)
FN:97,(anonymous_41)
FNF:42
FNH:0
FNDA:0,(anonymous_0)
FNDA:0,(anonymous_1)
FNDA:0,(anonymous_2)
FNDA:0,(anonymous_3)
FNDA:0,(anonymous_4)
FNDA:0,(anonymous_5)
FNDA:0,(anonymous_6)
FNDA:0,(anonymous_7)
FNDA:0,(anonymous_8)
FNDA:0,(anonymous_9)
FNDA:0,(anonymous_10)
FNDA:0,(anonymous_11)
FNDA:0,(anonymous_12)
FNDA:0,(anonymous_13)
FNDA:0,(anonymous_14)
FNDA:0,(anonymous_15)
FNDA:0,(anonymous_16)
FNDA:0,(anonymous_17)
FNDA:0,(anonymous_18)
FNDA:0,(anonymous_19)
FNDA:0,(anonymous_20)
FNDA:0,(anonymous_21)
FNDA:0,(anonymous_22)
FNDA:0,(anonymous_23)
FNDA:0,(anonymous_24)
FNDA:0,(anonymous_25)
FNDA:0,(anonymous_26)
FNDA:0,(anonymous_27)
FNDA:0,(anonymous_28)
FNDA:0,(anonymous_29)
FNDA:0,(anonymous_30)
FNDA:0,(anonymous_31)
FNDA:0,(anonymous_32)
FNDA:0,(anonymous_33)
FNDA:0,(anonymous_34)
FNDA:0,(anonymous_35)
FNDA:0,(anonymous_36)
FNDA:0,(anonymous_37)
FNDA:0,(anonymous_38)
FNDA:0,(anonymous_39)
FNDA:0,(anonymous_40)
FNDA:0,(anonymous_41)
DA:1,0
DA:4,0
DA:7,0
DA:8,0
DA:9,0
DA:10,0
DA:11,0
DA:13,0
DA:19,0
DA:20,0
DA:22,0
DA:23,0
DA:24,0
DA:26,0
DA:28,0
DA:30,0
DA:36,0
DA:38,0
DA:40,0
DA:42,0
DA:44,0
DA:46,0
DA:48,0
DA:50,0
DA:52,0
DA:54,0
DA:56,0
DA:58,0
DA:63,0
DA:64,0
DA:69,0
DA:71,0
DA:76,0
DA:77,0
DA:78,0
DA:79,0
DA:84,0
DA:85,0
DA:90,0
DA:92,0
DA:94,0
DA:96,0
DA:98,0
LF:43
LH:0
BRF:0
BRH:0
end_of_record
TN:
SF:src/main/ipc/handlers.ts
FN:22,setupIPCHandlers
FN:42,(anonymous_1)
FN:53,(anonymous_2)
FN:64,(anonymous_3)
FN:75,(anonymous_4)
FN:86,(anonymous_5)
FN:98,(anonymous_6)
FN:109,(anonymous_7)
FN:120,(anonymous_8)
FN:131,(anonymous_9)
FN:147,(anonymous_10)
FN:161,(anonymous_11)
FN:175,(anonymous_12)
FN:187,(anonymous_13)
FN:198,(anonymous_14)
FN:209,(anonymous_15)
FN:219,(anonymous_16)
FN:229,(anonymous_17)
FN:240,(anonymous_18)
FN:251,(anonymous_19)
FN:262,(anonymous_20)
FN:273,(anonymous_21)
FN:284,(anonymous_22)
FN:294,(anonymous_23)
FN:304,(anonymous_24)
FN:315,(anonymous_25)
FN:326,(anonymous_26)
FN:338,(anonymous_27)
FN:349,(anonymous_28)
FN:360,(anonymous_29)
FN:377,(anonymous_30)
FN:389,(anonymous_31)
FN:400,(anonymous_32)
FN:411,(anonymous_33)
FN:423,(anonymous_34)
FN:436,(anonymous_35)
FN:448,(anonymous_36)
FN:460,(anonymous_37)
FN:472,(anonymous_38)
FN:484,(anonymous_39)
FN:495,(anonymous_40)
FN:507,(anonymous_41)
FNF:42
FNH:0
FNDA:0,setupIPCHandlers
FNDA:0,(anonymous_1)
FNDA:0,(anonymous_2)
FNDA:0,(anonymous_3)
FNDA:0,(anonymous_4)
FNDA:0,(anonymous_5)
FNDA:0,(anonymous_6)
FNDA:0,(anonymous_7)
FNDA:0,(anonymous_8)
FNDA:0,(anonymous_9)
FNDA:0,(anonymous_10)
FNDA:0,(anonymous_11)
FNDA:0,(anonymous_12)
FNDA:0,(anonymous_13)
FNDA:0,(anonymous_14)
FNDA:0,(anonymous_15)
FNDA:0,(anonymous_16)
FNDA:0,(anonymous_17)
FNDA:0,(anonymous_18)
FNDA:0,(anonymous_19)
FNDA:0,(anonymous_20)
FNDA:0,(anonymous_21)
FNDA:0,(anonymous_22)
FNDA:0,(anonymous_23)
FNDA:0,(anonymous_24)
FNDA:0,(anonymous_25)
FNDA:0,(anonymous_26)
FNDA:0,(anonymous_27)
FNDA:0,(anonymous_28)
FNDA:0,(anonymous_29)
FNDA:0,(anonymous_30)
FNDA:0,(anonymous_31)
FNDA:0,(anonymous_32)
FNDA:0,(anonymous_33)
FNDA:0,(anonymous_34)
FNDA:0,(anonymous_35)
FNDA:0,(anonymous_36)
FNDA:0,(anonymous_37)
FNDA:0,(anonymous_38)
FNDA:0,(anonymous_39)
FNDA:0,(anonymous_40)
FNDA:0,(anonymous_41)
DA:1,0
DA:2,0
DA:3,0
DA:4,0
DA:5,0
DA:6,0
DA:7,0
DA:8,0
DA:9,0
DA:10,0
DA:22,0
DA:24,0
DA:25,0
DA:26,0
DA:27,0
DA:28,0
DA:29,0
DA:30,0
DA:31,0
DA:32,0
DA:33,0
DA:35,0
DA:37,0
DA:38,0
DA:42,0
DA:43,0
DA:44,0
DA:45,0
DA:46,0
DA:48,0
DA:49,0
DA:53,0
DA:54,0
DA:55,0
DA:56,0
DA:57,0
DA:59,0
DA:60,0
DA:64,0
DA:65,0
DA:66,0
DA:67,0
DA:68,0
DA:70,0
DA:71,0
DA:75,0
DA:76,0
DA:77,0
DA:78,0
DA:79,0
DA:81,0
DA:82,0
DA:86,0
DA:87,0
DA:88,0
DA:89,0
DA:90,0
DA:92,0
DA:93,0
DA:98,0
DA:99,0
DA:100,0
DA:101,0
DA:102,0
DA:104,0
DA:105,0
DA:109,0
DA:110,0
DA:111,0
DA:112,0
DA:113,0
DA:115,0
DA:116,0
DA:120,0
DA:121,0
DA:122,0
DA:123,0
DA:124,0
DA:126,0
DA:127,0
DA:131,0
DA:132,0
DA:133,0
DA:134,0
DA:135,0
DA:137,0
DA:140,0
DA:142,0
DA:143,0
DA:147,0
DA:148,0
DA:149,0
DA:150,0
DA:151,0
DA:153,0
DA:154,0
DA:156,0
DA:157,0
DA:161,0
DA:162,0
DA:163,0
DA:164,0
DA:165,0
DA:167,0
DA:168,0
DA:170,0
DA:171,0
DA:175,0
DA:176,0
DA:177,0
DA:178,0
DA:179,0
DA:181,0
DA:182,0
DA:187,0
DA:188,0
DA:189,0
DA:190,0
DA:191,0
DA:193,0
DA:194,0
DA:198,0
DA:199,0
DA:200,0
DA:201,0
DA:202,0
DA:204,0
DA:205,0
DA:209,0
DA:210,0
DA:211,0
DA:212,0
DA:214,0
DA:215,0
DA:219,0
DA:220,0
DA:221,0
DA:222,0
DA:224,0
DA:225,0
DA:229,0
DA:230,0
DA:231,0
DA:232,0
DA:233,0
DA:235,0
DA:236,0
DA:240,0
DA:241,0
DA:242,0
DA:243,0
DA:244,0
DA:246,0
DA:247,0
DA:251,0
DA:252,0
DA:253,0
DA:254,0
DA:255,0
DA:257,0
DA:258,0
DA:262,0
DA:263,0
DA:264,0
DA:265,0
DA:266,0
DA:268,0
DA:269,0
DA:273,0
DA:274,0
DA:275,0
DA:276,0
DA:277,0
DA:279,0
DA:280,0
DA:284,0
DA:285,0
DA:286,0
DA:287,0
DA:289,0
DA:290,0
DA:294,0
DA:295,0
DA:296,0
DA:297,0
DA:299,0
DA:300,0
DA:304,0
DA:305,0
DA:306,0
DA:307,0
DA:309,0
DA:310,0
DA:315,0
DA:316,0
DA:317,0
DA:318,0
DA:319,0
DA:321,0
DA:322,0
DA:326,0
DA:327,0
DA:328,0
DA:329,0
DA:330,0
DA:332,0
DA:333,0
DA:338,0
DA:339,0
DA:340,0
DA:341,0
DA:342,0
DA:344,0
DA:345,0
DA:349,0
DA:350,0
DA:351,0
DA:352,0
DA:353,0
DA:355,0
DA:356,0
DA:360,0
DA:361,0
DA:362,0
DA:363,0
DA:370,0
DA:372,0
DA:373,0
DA:377,0
DA:378,0
DA:379,0
DA:380,0
DA:381,0
DA:383,0
DA:384,0
DA:389,0
DA:390,0
DA:391,0
DA:392,0
DA:393,0
DA:395,0
DA:396,0
DA:400,0
DA:401,0
DA:402,0
DA:403,0
DA:404,0
DA:406,0
DA:407,0
DA:411,0
DA:412,0
DA:413,0
DA:414,0
DA:415,0
DA:417,0
DA:418,0
DA:423,0
DA:424,0
DA:425,0
DA:426,0
DA:427,0
DA:428,0
DA:430,0
DA:431,0
DA:436,0
DA:437,0
DA:438,0
DA:439,0
DA:440,0
DA:441,0
DA:443,0
DA:444,0
DA:448,0
DA:449,0
DA:450,0
DA:451,0
DA:452,0
DA:454,0
DA:455,0
DA:460,0
DA:461,0
DA:462,0
DA:463,0
DA:464,0
DA:466,0
DA:467,0
DA:472,0
DA:473,0
DA:474,0
DA:475,0
DA:476,0
DA:478,0
DA:479,0
DA:484,0
DA:485,0
DA:486,0
DA:487,0
DA:489,0
DA:490,0
DA:495,0
DA:496,0
DA:497,0
DA:498,0
DA:499,0
DA:501,0
DA:502,0
DA:507,0
DA:508,0
DA:511,0
LF:309
LH:0
BRDA:49,0,0,0
BRDA:49,0,1,0
BRDA:60,1,0,0
BRDA:60,1,1,0
BRDA:71,2,0,0
BRDA:71,2,1,0
BRDA:82,3,0,0
BRDA:82,3,1,0
BRDA:93,4,0,0
BRDA:93,4,1,0
BRDA:105,5,0,0
BRDA:105,5,1,0
BRDA:116,6,0,0
BRDA:116,6,1,0
BRDA:127,7,0,0
BRDA:127,7,1,0
BRDA:131,8,0,0
BRDA:134,9,0,0
BRDA:137,10,0,0
BRDA:137,10,1,0
BRDA:143,11,0,0
BRDA:143,11,1,0
BRDA:150,12,0,0
BRDA:157,13,0,0
BRDA:157,13,1,0
BRDA:164,14,0,0
BRDA:171,15,0,0
BRDA:171,15,1,0
BRDA:182,16,0,0
BRDA:182,16,1,0
BRDA:194,17,0,0
BRDA:194,17,1,0
BRDA:205,18,0,0
BRDA:205,18,1,0
BRDA:215,19,0,0
BRDA:215,19,1,0
BRDA:225,20,0,0
BRDA:225,20,1,0
BRDA:236,21,0,0
BRDA:236,21,1,0
BRDA:247,22,0,0
BRDA:247,22,1,0
BRDA:258,23,0,0
BRDA:258,23,1,0
BRDA:269,24,0,0
BRDA:269,24,1,0
BRDA:280,25,0,0
BRDA:280,25,1,0
BRDA:290,26,0,0
BRDA:290,26,1,0
BRDA:300,27,0,0
BRDA:300,27,1,0
BRDA:310,28,0,0
BRDA:310,28,1,0
BRDA:322,29,0,0
BRDA:322,29,1,0
BRDA:333,30,0,0
BRDA:333,30,1,0
BRDA:345,31,0,0
BRDA:345,31,1,0
BRDA:349,32,0,0
BRDA:356,33,0,0
BRDA:356,33,1,0
BRDA:373,34,0,0
BRDA:373,34,1,0
BRDA:384,35,0,0
BRDA:384,35,1,0
BRDA:396,36,0,0
BRDA:396,36,1,0
BRDA:407,37,0,0
BRDA:407,37,1,0
BRDA:418,38,0,0
BRDA:418,38,1,0
BRDA:431,39,0,0
BRDA:431,39,1,0
BRDA:444,40,0,0
BRDA:444,40,1,0
BRDA:455,41,0,0
BRDA:455,41,1,0
BRDA:467,42,0,0
BRDA:467,42,1,0
BRDA:479,43,0,0
BRDA:479,43,1,0
BRDA:490,44,0,0
BRDA:490,44,1,0
BRDA:502,45,0,0
BRDA:502,45,1,0
BRF:87
BRH:0
end_of_record
TN:
SF:src/main/services/BlockchainService.ts
FN:29,(anonymous_0)
FN:33,(anonymous_1)
FN:51,(anonymous_2)
FN:55,(anonymous_3)
FN:92,(anonymous_4)
FN:116,(anonymous_5)
FN:136,(anonymous_6)
FN:175,(anonymous_7)
FN:183,(anonymous_8)
FN:206,(anonymous_9)
FN:220,(anonymous_10)
FN:232,(anonymous_11)
FN:244,(anonymous_12)
FN:261,(anonymous_13)
FN:286,(anonymous_14)
FN:321,(anonymous_15)
FN:359,(anonymous_17)
FN:362,(anonymous_18)
FNF:18
FNH:0
FNDA:0,(anonymous_0)
FNDA:0,(anonymous_1)
FNDA:0,(anonymous_2)
FNDA:0,(anonymous_3)
FNDA:0,(anonymous_4)
FNDA:0,(anonymous_5)
FNDA:0,(anonymous_6)
FNDA:0,(anonymous_7)
FNDA:0,(anonymous_8)
FNDA:0,(anonymous_9)
FNDA:0,(anonymous_10)
FNDA:0,(anonymous_11)
FNDA:0,(anonymous_12)
FNDA:0,(anonymous_13)
FNDA:0,(anonymous_14)
FNDA:0,(anonymous_15)
FNDA:0,(anonymous_17)
FNDA:0,(anonymous_18)
DA:1,0
DA:2,0
DA:26,0
DA:27,0
DA:30,0
DA:39,0
DA:40,0
DA:41,0
DA:43,0
DA:46,0
DA:47,0
DA:52,0
DA:61,0
DA:64,0
DA:67,0
DA:68,0
DA:70,0
DA:75,0
DA:76,0
DA:77,0
DA:79,0
DA:81,0
DA:82,0
DA:86,0
DA:97,0
DA:98,0
DA:101,0
DA:102,0
DA:105,0
DA:107,0
DA:110,0
DA:124,0
DA:125,0
DA:126,0
DA:128,0
DA:131,0
DA:132,0
DA:144,0
DA:147,0
DA:148,0
DA:152,0
DA:154,0
DA:157,0
DA:160,0
DA:161,0
DA:164,0
DA:165,0
DA:167,0
DA:178,0
DA:179,0
DA:180,0
DA:189,0
DA:190,0
DA:191,0
DA:192,0
DA:195,0
DA:196,0
DA:198,0
DA:207,0
DA:217,0
DA:221,0
DA:222,0
DA:224,0
DA:226,0
DA:228,0
DA:233,0
DA:234,0
DA:236,0
DA:238,0
DA:240,0
DA:249,0
DA:250,0
DA:251,0
DA:253,0
DA:256,0
DA:257,0
DA:265,0
DA:267,0
DA:269,0
DA:270,0
DA:276,0
DA:290,0
DA:292,0
DA:293,0
DA:295,0
DA:296,0
DA:302,0
DA:305,0
DA:306,0
DA:307,0
DA:308,0
DA:310,0
DA:314,0
DA:322,0
DA:323,0
DA:324,0
DA:325,0
DA:326,0
DA:328,0
DA:331,0
DA:334,0
DA:344,0
DA:346,0
DA:347,0
DA:348,0
DA:350,0
DA:351,0
DA:354,0
DA:355,0
DA:359,0
DA:361,0
DA:362,0
DA:366,0
LF:113
LH:0
BRDA:30,0,0,0
BRDA:30,0,1,0
BRDA:40,1,0,0
BRDA:40,1,1,0
BRDA:61,2,0,0
BRDA:61,2,1,0
BRDA:67,3,0,0
BRDA:97,4,0,0
BRDA:97,4,1,0
BRDA:105,5,0,0
BRDA:125,6,0,0
BRDA:125,6,1,0
BRDA:126,7,0,0
BRDA:126,7,1,0
BRDA:144,8,0,0
BRDA:144,8,1,0
BRDA:148,9,0,0
BRDA:148,9,1,0
BRDA:152,10,0,0
BRDA:152,10,1,0
BRDA:152,11,0,0
BRDA:152,11,1,0
BRDA:217,12,0,0
BRDA:217,12,1,0
BRDA:221,13,0,0
BRDA:233,14,0,0
BRDA:250,15,0,0
BRDA:250,15,1,0
BRDA:269,16,0,0
BRDA:278,17,0,0
BRDA:278,17,1,0
BRDA:290,18,0,0
BRDA:290,18,1,0
BRDA:295,19,0,0
BRDA:305,20,0,0
BRDA:316,21,0,0
BRDA:316,21,1,0
BRDA:323,22,0,0
BRDA:323,22,1,0
BRDA:341,23,0,0
BRDA:342,24,0,0
BRDA:350,25,0,0
BRDA:354,26,0,0
BRF:43
BRH:0
end_of_record
TN:
SF:src/main/services/CampaignService.ts
FN:37,(anonymous_0)
FN:42,(anonymous_1)
FN:77,(anonymous_2)
FN:95,(anonymous_3)
FN:103,(anonymous_4)
FN:146,(anonymous_5)
FN:156,(anonymous_6)
FN:175,(anonymous_7)
FN:189,(anonymous_8)
FN:213,(anonymous_9)
FN:235,(anonymous_10)
FN:247,(anonymous_11)
FN:263,(anonymous_12)
FN:280,(anonymous_13)
FN:309,(anonymous_14)
FN:312,(anonymous_15)
FN:332,(anonymous_16)
FN:342,(anonymous_17)
FN:353,(anonymous_18)
FNF:19
FNH:0
FNDA:0,(anonymous_0)
FNDA:0,(anonymous_1)
FNDA:0,(anonymous_2)
FNDA:0,(anonymous_3)
FNDA:0,(anonymous_4)
FNDA:0,(anonymous_5)
FNDA:0,(anonymous_6)
FNDA:0,(anonymous_7)
FNDA:0,(anonymous_8)
FNDA:0,(anonymous_9)
FNDA:0,(anonymous_10)
FNDA:0,(anonymous_11)
FNDA:0,(anonymous_12)
FNDA:0,(anonymous_13)
FNDA:0,(anonymous_14)
FNDA:0,(anonymous_15)
FNDA:0,(anonymous_16)
FNDA:0,(anonymous_17)
FNDA:0,(anonymous_18)
DA:1,0
DA:3,0
DA:33,0
DA:34,0
DA:35,0
DA:38,0
DA:39,0
DA:43,0
DA:44,0
DA:46,0
DA:48,0
DA:50,0
DA:57,0
DA:71,0
DA:77,0
DA:78,0
DA:82,0
DA:84,0
DA:85,0
DA:86,0
DA:88,0
DA:90,0
DA:91,0
DA:96,0
DA:97,0
DA:99,0
DA:109,0
DA:110,0
DA:114,0
DA:116,0
DA:117,0
DA:118,0
DA:121,0
DA:122,0
DA:123,0
DA:126,0
DA:128,0
DA:129,0
DA:130,0
DA:133,0
DA:134,0
DA:135,0
DA:138,0
DA:139,0
DA:141,0
DA:142,0
DA:147,0
DA:148,0
DA:149,0
DA:151,0
DA:152,0
DA:157,0
DA:176,0
DA:177,0
DA:178,0
DA:182,0
DA:184,0
DA:185,0
DA:190,0
DA:191,0
DA:192,0
DA:193,0
DA:196,0
DA:197,0
DA:200,0
DA:204,0
DA:206,0
DA:208,0
DA:209,0
DA:214,0
DA:215,0
DA:216,0
DA:217,0
DA:220,0
DA:221,0
DA:224,0
DA:226,0
DA:228,0
DA:230,0
DA:231,0
DA:236,0
DA:237,0
DA:238,0
DA:242,0
DA:243,0
DA:258,0
DA:259,0
DA:263,0
DA:275,0
DA:276,0
DA:288,0
DA:289,0
DA:290,0
DA:297,0
DA:298,0
DA:299,0
DA:300,0
DA:304,0
DA:305,0
DA:310,0
DA:312,0
DA:314,0
DA:317,0
DA:320,0
DA:323,0
DA:325,0
DA:327,0
DA:328,0
DA:333,0
DA:334,0
DA:338,0
DA:348,0
DA:349,0
DA:353,0
DA:360,0
DA:361,0
LF:116
LH:0
BRDA:85,0,0,0
BRDA:96,1,0,0
BRDA:96,1,1,0
BRDA:116,2,0,0
BRDA:121,3,0,0
BRDA:128,4,0,0
BRDA:133,5,0,0
BRDA:149,6,0,0
BRDA:149,6,1,0
BRDA:168,7,0,0
BRDA:168,7,1,0
BRDA:169,8,0,0
BRDA:169,8,1,0
BRDA:192,9,0,0
BRDA:196,10,0,0
BRDA:196,11,0,0
BRDA:196,11,1,0
BRDA:216,12,0,0
BRDA:220,13,0,0
BRDA:297,14,0,0
BRDA:299,15,0,0
BRDA:342,16,0,0
BRF:22
BRH:0
end_of_record
TN:
SF:src/main/services/ChainService.ts
FN:41,(anonymous_0)
FN:45,(anonymous_1)
FN:64,(anonymous_2)
FN:104,(anonymous_3)
FN:161,(anonymous_4)
FN:176,(anonymous_5)
FN:195,(anonymous_6)
FN:215,(anonymous_7)
FN:239,(anonymous_8)
FN:262,(anonymous_9)
FN:293,(anonymous_10)
FN:302,(anonymous_11)
FN:311,(anonymous_12)
FN:333,(anonymous_13)
FN:363,(anonymous_14)
FN:379,(anonymous_15)
FN:393,(anonymous_16)
FN:403,(anonymous_17)
FN:412,(anonymous_18)
FNF:19
FNH:0
FNDA:0,(anonymous_0)
FNDA:0,(anonymous_1)
FNDA:0,(anonymous_2)
FNDA:0,(anonymous_3)
FNDA:0,(anonymous_4)
FNDA:0,(anonymous_5)
FNDA:0,(anonymous_6)
FNDA:0,(anonymous_7)
FNDA:0,(anonymous_8)
FNDA:0,(anonymous_9)
FNDA:0,(anonymous_10)
FNDA:0,(anonymous_11)
FNDA:0,(anonymous_12)
FNDA:0,(anonymous_13)
FNDA:0,(anonymous_14)
FNDA:0,(anonymous_15)
FNDA:0,(anonymous_16)
FNDA:0,(anonymous_17)
FNDA:0,(anonymous_18)
DA:2,0
DA:3,0
DA:38,0
DA:39,0
DA:42,0
DA:46,0
DA:47,0
DA:48,0
DA:50,0
DA:51,0
DA:54,0
DA:56,0
DA:57,0
DA:59,0
DA:60,0
DA:65,0
DA:67,0
DA:68,0
DA:69,0
DA:73,0
DA:74,0
DA:75,0
DA:78,0
DA:84,0
DA:97,0
DA:99,0
DA:100,0
DA:105,0
DA:106,0
DA:107,0
DA:109,0
DA:110,0
DA:111,0
DA:113,0
DA:115,0
DA:116,0
DA:117,0
DA:120,0
DA:121,0
DA:123,0
DA:124,0
DA:125,0
DA:127,0
DA:128,0
DA:129,0
DA:131,0
DA:132,0
DA:133,0
DA:135,0
DA:136,0
DA:137,0
DA:139,0
DA:140,0
DA:141,0
DA:144,0
DA:145,0
DA:148,0
DA:150,0
DA:154,0
DA:156,0
DA:157,0
DA:162,0
DA:164,0
DA:165,0
DA:166,0
DA:169,0
DA:171,0
DA:172,0
DA:177,0
DA:178,0
DA:179,0
DA:180,0
DA:183,0
DA:184,0
DA:185,0
DA:188,0
DA:190,0
DA:191,0
DA:196,0
DA:197,0
DA:198,0
DA:199,0
DA:200,0
DA:202,0
DA:208,0
DA:216,0
DA:217,0
DA:218,0
DA:220,0
DA:221,0
DA:222,0
DA:225,0
DA:226,0
DA:229,0
DA:231,0
DA:232,0
DA:234,0
DA:235,0
DA:240,0
DA:242,0
DA:244,0
DA:245,0
DA:246,0
DA:247,0
DA:248,0
DA:251,0
DA:255,0
DA:257,0
DA:258,0
DA:263,0
DA:265,0
DA:266,0
DA:267,0
DA:270,0
DA:276,0
DA:286,0
DA:288,0
DA:289,0
DA:294,0
DA:295,0
DA:297,0
DA:298,0
DA:303,0
DA:304,0
DA:306,0
DA:307,0
DA:312,0
DA:313,0
DA:314,0
DA:317,0
DA:318,0
DA:320,0
DA:326,0
DA:334,0
DA:335,0
DA:336,0
DA:342,0
DA:343,0
DA:344,0
DA:345,0
DA:347,0
DA:354,0
DA:358,0
DA:359,0
DA:364,0
DA:380,0
DA:394,0
DA:395,0
DA:396,0
DA:398,0
DA:399,0
DA:404,0
DA:405,0
DA:407,0
DA:408,0
DA:413,0
DA:414,0
DA:416,0
DA:417,0
LF:159
LH:0
BRDA:45,0,0,0
BRDA:50,1,0,0
BRDA:68,2,0,0
BRDA:74,3,0,0
BRDA:92,4,0,0
BRDA:92,4,1,0
BRDA:93,5,0,0
BRDA:93,5,1,0
BRDA:109,6,0,0
BRDA:113,7,0,0
BRDA:116,8,0,0
BRDA:123,9,0,0
BRDA:127,10,0,0
BRDA:131,11,0,0
BRDA:135,12,0,0
BRDA:139,13,0,0
BRDA:141,14,0,0
BRDA:141,14,1,0
BRDA:144,15,0,0
BRDA:165,16,0,0
BRDA:165,17,0,0
BRDA:165,17,1,0
BRDA:179,18,0,0
BRDA:184,19,0,0
BRDA:184,20,0,0
BRDA:184,20,1,0
BRDA:184,20,2,0
BRDA:185,21,0,0
BRDA:185,21,1,0
BRDA:210,22,0,0
BRDA:210,22,1,0
BRDA:215,23,0,0
BRDA:220,24,0,0
BRDA:225,25,0,0
BRDA:226,26,0,0
BRDA:226,26,1,0
BRDA:247,27,0,0
BRDA:247,28,0,0
BRDA:247,28,1,0
BRDA:247,28,2,0
BRDA:266,29,0,0
BRDA:282,30,0,0
BRDA:282,30,1,0
BRDA:328,31,0,0
BRDA:328,31,1,0
BRDA:345,32,0,0
BRDA:345,32,1,0
BRDA:348,33,0,0
BRDA:348,33,1,0
BRDA:396,34,0,0
BRDA:396,34,1,0
BRDA:405,35,0,0
BRDA:405,35,1,0
BRDA:414,36,0,0
BRDA:414,36,1,0
BRF:55
BRH:0
end_of_record
TN:
SF:src/main/services/ContractService.ts
FN:59,(anonymous_0)
FN:66,(anonymous_1)
FN:99,(anonymous_2)
FN:136,(anonymous_3)
FN:159,(anonymous_4)
FN:170,(anonymous_5)
FN:187,(anonymous_6)
FN:215,(anonymous_7)
FN:238,(anonymous_8)
FN:247,(anonymous_9)
FNF:10
FNH:4
FNDA:1,(anonymous_0)
FNDA:1,(anonymous_1)
FNDA:0,(anonymous_2)
FNDA:0,(anonymous_3)
FNDA:0,(anonymous_4)
FNDA:0,(anonymous_5)
FNDA:0,(anonymous_6)
FNDA:0,(anonymous_7)
FNDA:1,(anonymous_8)
FNDA:1,(anonymous_9)
DA:1,1
DA:2,1
DA:5,1
DA:11,1
DA:56,1
DA:57,1
DA:60,1
DA:67,1
DA:68,1
DA:69,1
DA:72,1
DA:73,1
DA:76,1
DA:77,1
DA:80,0
DA:81,0
DA:82,0
DA:84,0
DA:91,1
DA:92,1
DA:106,0
DA:107,0
DA:108,0
DA:109,0
DA:112,0
DA:113,0
DA:114,0
DA:115,0
DA:119,0
DA:120,0
DA:123,0
DA:124,0
DA:126,0
DA:128,0
DA:129,0
DA:144,0
DA:145,0
DA:146,0
DA:147,0
DA:150,0
DA:151,0
DA:154,0
DA:155,0
DA:159,0
DA:162,0
DA:163,0
DA:166,0
DA:167,0
DA:170,0
DA:172,0
DA:179,0
DA:180,0
DA:191,0
DA:192,0
DA:193,0
DA:195,0
DA:201,0
DA:207,0
DA:208,0
DA:222,0
DA:223,0
DA:224,0
DA:225,0
DA:227,0
DA:228,0
DA:230,0
DA:231,0
DA:241,1
DA:248,1
LF:69
LH:18
BRDA:86,0,0,0
BRDA:86,0,1,0
BRDA:87,1,0,0
BRDA:87,1,1,0
BRDA:88,2,0,0
BRDA:88,2,1,0
BRDA:92,3,0,1
BRDA:92,3,1,0
BRDA:113,4,0,0
BRDA:129,5,0,0
BRDA:129,5,1,0
BRDA:150,6,0,0
BRDA:154,7,0,0
BRDA:176,8,0,0
BRDA:176,8,1,0
BRDA:180,9,0,0
BRDA:180,9,1,0
BRDA:208,10,0,0
BRDA:208,10,1,0
BRF:19
BRH:1
end_of_record
TN:
SF:src/main/services/FileService.ts
FN:22,(anonymous_1)
FN:26,(anonymous_2)
FN:34,(anonymous_3)
FN:39,(anonymous_4)
FN:46,(anonymous_5)
FN:64,(anonymous_6)
FN:86,(anonymous_7)
FN:117,(anonymous_8)
FN:137,(anonymous_9)
FN:138,(anonymous_10)
FN:139,(anonymous_11)
FN:141,(anonymous_12)
FN:143,(anonymous_13)
FN:144,(anonymous_14)
FN:146,(anonymous_15)
FN:147,(anonymous_16)
FN:172,(anonymous_17)
FN:173,(anonymous_18)
FN:196,(anonymous_19)
FN:200,(anonymous_20)
FN:207,(anonymous_21)
FN:231,(anonymous_22)
FN:242,(anonymous_23)
FN:271,(anonymous_24)
FN:291,(anonymous_25)
FN:317,(anonymous_26)
FN:333,(anonymous_27)
FN:361,(anonymous_28)
FN:369,(anonymous_29)
FN:391,(anonymous_30)
FN:401,(anonymous_31)
FN:413,(anonymous_32)
FN:419,(anonymous_33)
FN:432,(anonymous_34)
FN:436,(anonymous_35)
FN:441,(anonymous_36)
FNF:36
FNH:0
FNDA:0,(anonymous_1)
FNDA:0,(anonymous_2)
FNDA:0,(anonymous_3)
FNDA:0,(anonymous_4)
FNDA:0,(anonymous_5)
FNDA:0,(anonymous_6)
FNDA:0,(anonymous_7)
FNDA:0,(anonymous_8)
FNDA:0,(anonymous_9)
FNDA:0,(anonymous_10)
FNDA:0,(anonymous_11)
FNDA:0,(anonymous_12)
FNDA:0,(anonymous_13)
FNDA:0,(anonymous_14)
FNDA:0,(anonymous_15)
FNDA:0,(anonymous_16)
FNDA:0,(anonymous_17)
FNDA:0,(anonymous_18)
FNDA:0,(anonymous_19)
FNDA:0,(anonymous_20)
FNDA:0,(anonymous_21)
FNDA:0,(anonymous_22)
FNDA:0,(anonymous_23)
FNDA:0,(anonymous_24)
FNDA:0,(anonymous_25)
FNDA:0,(anonymous_26)
FNDA:0,(anonymous_27)
FNDA:0,(anonymous_28)
FNDA:0,(anonymous_29)
FNDA:0,(anonymous_30)
FNDA:0,(anonymous_31)
FNDA:0,(anonymous_32)
FNDA:0,(anonymous_33)
FNDA:0,(anonymous_34)
FNDA:0,(anonymous_35)
FNDA:0,(anonymous_36)
DA:1,0
DA:2,0
DA:3,0
DA:4,0
DA:19,0
DA:20,0
DA:23,0
DA:27,0
DA:28,0
DA:29,0
DA:32,0
DA:34,0
DA:35,0
DA:40,0
DA:41,0
DA:42,0
DA:45,0
DA:46,0
DA:48,0
DA:49,0
DA:53,0
DA:54,0
DA:58,0
DA:59,0
DA:60,0
DA:63,0
DA:64,0
DA:69,0
DA:70,0
DA:71,0
DA:74,0
DA:76,0
DA:81,0
DA:82,0
DA:87,0
DA:88,0
DA:93,0
DA:95,0
DA:96,0
DA:97,0
DA:99,0
DA:100,0
DA:101,0
DA:103,0
DA:104,0
DA:105,0
DA:107,0
DA:110,0
DA:112,0
DA:113,0
DA:119,0
DA:121,0
DA:122,0
DA:126,0
DA:131,0
DA:136,0
DA:137,0
DA:138,0
DA:139,0
DA:141,0
DA:142,0
DA:143,0
DA:144,0
DA:146,0
DA:147,0
DA:149,0
DA:164,0
DA:173,0
DA:174,0
DA:175,0
DA:176,0
DA:178,0
DA:196,0
DA:197,0
DA:200,0
DA:201,0
DA:204,0
DA:207,0
DA:208,0
DA:224,0
DA:226,0
DA:232,0
DA:233,0
DA:234,0
DA:235,0
DA:236,0
DA:238,0
DA:243,0
DA:246,0
DA:248,0
DA:249,0
DA:250,0
DA:251,0
DA:252,0
DA:253,0
DA:254,0
DA:255,0
DA:257,0
DA:258,0
DA:259,0
DA:260,0
DA:261,0
DA:262,0
DA:263,0
DA:264,0
DA:265,0
DA:266,0
DA:267,0
DA:269,0
DA:270,0
DA:271,0
DA:272,0
DA:273,0
DA:274,0
DA:275,0
DA:276,0
DA:278,0
DA:279,0
DA:281,0
DA:284,0
DA:285,0
DA:287,0
DA:292,0
DA:293,0
DA:297,0
DA:299,0
DA:300,0
DA:302,0
DA:303,0
DA:305,0
DA:306,0
DA:310,0
DA:311,0
DA:314,0
DA:318,0
DA:319,0
DA:321,0
DA:322,0
DA:325,0
DA:326,0
DA:328,0
DA:329,0
DA:332,0
DA:333,0
DA:335,0
DA:336,0
DA:339,0
DA:340,0
DA:344,0
DA:345,0
DA:346,0
DA:349,0
DA:354,0
DA:362,0
DA:363,0
DA:364,0
DA:367,0
DA:368,0
DA:369,0
DA:372,0
DA:373,0
DA:374,0
DA:380,0
DA:387,0
DA:392,0
DA:393,0
DA:394,0
DA:397,0
DA:402,0
DA:403,0
DA:404,0
DA:405,0
DA:406,0
DA:407,0
DA:409,0
DA:414,0
DA:415,0
DA:417,0
DA:418,0
DA:419,0
DA:428,0
DA:429,0
DA:431,0
DA:432,0
DA:433,0
DA:434,0
DA:436,0
DA:437,0
DA:439,0
DA:441,0
DA:442,0
DA:445,0
DA:448,0
DA:449,0
DA:452,0
LF:195
LH:0
BRDA:28,0,0,0
BRDA:40,1,0,0
BRDA:48,2,0,0
BRDA:48,3,0,0
BRDA:48,3,1,0
BRDA:53,4,0,0
BRDA:59,5,0,0
BRDA:59,6,0,0
BRDA:59,6,1,0
BRDA:69,7,0,0
BRDA:82,8,0,0
BRDA:82,8,1,0
BRDA:86,9,0,0
BRDA:93,10,0,0
BRDA:93,10,1,0
BRDA:93,10,2,0
BRDA:93,10,3,0
BRDA:113,11,0,0
BRDA:113,11,1,0
BRDA:121,12,0,0
BRDA:141,13,0,0
BRDA:141,13,1,0
BRDA:144,14,0,0
BRDA:144,14,1,0
BRDA:146,15,0,0
BRDA:146,15,1,0
BRDA:147,16,0,0
BRDA:147,16,1,0
BRDA:154,17,0,0
BRDA:154,17,1,0
BRDA:159,18,0,0
BRDA:159,18,1,0
BRDA:160,19,0,0
BRDA:160,19,1,0
BRDA:161,20,0,0
BRDA:161,20,1,0
BRDA:216,21,0,0
BRDA:216,21,1,0
BRDA:217,22,0,0
BRDA:217,22,1,0
BRDA:218,23,0,0
BRDA:218,23,1,0
BRDA:275,24,0,0
BRDA:278,25,0,0
BRDA:297,26,0,0
BRDA:297,26,1,0
BRDA:297,26,2,0
BRDA:310,27,0,0
BRDA:321,28,0,0
BRDA:328,29,0,0
BRDA:335,30,0,0
BRDA:339,31,0,0
BRDA:345,32,0,0
BRDA:345,33,0,0
BRDA:345,33,1,0
BRDA:356,34,0,0
BRDA:356,34,1,0
BRDA:363,35,0,0
BRDA:393,36,0,0
BRDA:413,37,0,0
BRDA:431,38,0,0
BRDA:431,38,1,0
BRF:62
BRH:0
end_of_record
TN:
SF:src/main/services/GasService.ts
FN:14,(anonymous_0)
FN:21,(anonymous_1)
FN:80,(anonymous_2)
FN:103,(anonymous_3)
FN:141,(anonymous_4)
FN:214,(anonymous_5)
FN:234,(anonymous_6)
FNF:7
FNH:6
FNDA:2,(anonymous_0)
FNDA:5,(anonymous_1)
FNDA:4,(anonymous_2)
FNDA:1,(anonymous_3)
FNDA:1,(anonymous_4)
FNDA:1,(anonymous_5)
FNDA:0,(anonymous_6)
DA:1,1
DA:14,1
DA:15,2
DA:16,2
DA:22,5
DA:23,5
DA:24,5
DA:26,4
DA:31,4
DA:33,4
DA:37,4
DA:41,4
DA:42,0
DA:44,0
DA:51,4
DA:54,4
DA:55,4
DA:56,4
DA:57,4
DA:61,4
DA:72,1
DA:73,1
DA:81,4
DA:83,4
DA:86,4
DA:87,4
DA:90,4
DA:93,4
DA:96,0
DA:104,1
DA:115,1
DA:118,1
DA:119,1
DA:120,1
DA:121,1
DA:122,1
DA:126,1
DA:147,1
DA:148,1
DA:149,1
DA:152,1
DA:153,1
DA:154,1
DA:156,1
DA:160,1
DA:162,1
DA:166,1
DA:170,1
DA:171,0
DA:173,0
DA:180,1
DA:181,1
DA:182,1
DA:183,1
DA:187,1
DA:199,0
DA:200,0
DA:201,0
DA:203,0
DA:215,1
DA:217,1
DA:219,1
DA:220,1
DA:223,0
DA:226,1
DA:228,1
DA:241,0
DA:242,0
DA:244,0
DA:245,0
DA:246,0
DA:247,0
DA:248,0
DA:249,0
DA:252,0
DA:253,0
DA:257,0
LF:77
LH:56
BRDA:21,0,0,5
BRDA:31,1,0,4
BRDA:31,1,1,0
BRDA:31,2,0,4
BRDA:31,2,1,4
BRDA:42,3,0,0
BRDA:57,4,0,0
BRDA:57,4,1,4
BRDA:103,5,0,0
BRDA:115,6,0,1
BRDA:115,6,1,0
BRDA:122,7,0,0
BRDA:122,7,1,1
BRDA:145,8,0,1
BRDA:160,9,0,1
BRDA:160,9,1,0
BRDA:160,10,0,1
BRDA:160,10,1,1
BRDA:171,11,0,0
BRDA:183,12,0,0
BRDA:183,12,1,1
BRDA:217,13,0,1
BRDA:217,13,1,0
BRDA:217,14,0,1
BRDA:217,14,1,1
BRDA:238,15,0,0
BRDA:239,16,0,0
BRDA:253,17,0,0
BRDA:253,17,1,0
BRF:29
BRH:15
end_of_record
TN:
SF:src/main/services/PriceService.ts
FN:51,(anonymous_1)
FN:57,(anonymous_2)
FN:76,(anonymous_3)
FN:78,(anonymous_4)
FN:92,(anonymous_5)
FN:93,(anonymous_6)
FN:93,(anonymous_7)
FN:110,(anonymous_8)
FN:133,(anonymous_9)
FN:164,(anonymous_10)
FN:174,(anonymous_11)
FN:195,(anonymous_12)
FN:217,(anonymous_13)
FN:250,(anonymous_14)
FN:281,(anonymous_15)
FN:292,(anonymous_16)
FN:296,(anonymous_17)
FN:307,(anonymous_18)
FN:324,(anonymous_19)
FN:337,(anonymous_20)
FN:338,(anonymous_21)
FN:341,(anonymous_22)
FN:342,(anonymous_23)
FN:345,(anonymous_24)
FN:356,(anonymous_25)
FN:367,(anonymous_26)
FN:371,(anonymous_27)
FN:376,(anonymous_28)
FN:382,(anonymous_29)
FN:389,(anonymous_30)
FN:406,(anonymous_31)
FN:416,(anonymous_32)
FNF:32
FNH:0
FNDA:0,(anonymous_1)
FNDA:0,(anonymous_2)
FNDA:0,(anonymous_3)
FNDA:0,(anonymous_4)
FNDA:0,(anonymous_5)
FNDA:0,(anonymous_6)
FNDA:0,(anonymous_7)
FNDA:0,(anonymous_8)
FNDA:0,(anonymous_9)
FNDA:0,(anonymous_10)
FNDA:0,(anonymous_11)
FNDA:0,(anonymous_12)
FNDA:0,(anonymous_13)
FNDA:0,(anonymous_14)
FNDA:0,(anonymous_15)
FNDA:0,(anonymous_16)
FNDA:0,(anonymous_17)
FNDA:0,(anonymous_18)
FNDA:0,(anonymous_19)
FNDA:0,(anonymous_20)
FNDA:0,(anonymous_21)
FNDA:0,(anonymous_22)
FNDA:0,(anonymous_23)
FNDA:0,(anonymous_24)
FNDA:0,(anonymous_25)
FNDA:0,(anonymous_26)
FNDA:0,(anonymous_27)
FNDA:0,(anonymous_28)
FNDA:0,(anonymous_29)
FNDA:0,(anonymous_30)
FNDA:0,(anonymous_31)
FNDA:0,(anonymous_32)
DA:1,0
DA:33,0
DA:34,0
DA:35,0
DA:36,0
DA:37,0
DA:40,0
DA:52,0
DA:53,0
DA:54,0
DA:58,0
DA:78,0
DA:79,0
DA:80,0
DA:81,0
DA:83,0
DA:88,0
DA:89,0
DA:93,0
DA:95,0
DA:96,0
DA:108,0
DA:110,0
DA:111,0
DA:112,0
DA:113,0
DA:123,0
DA:124,0
DA:128,0
DA:134,0
DA:141,0
DA:142,0
DA:143,0
DA:144,0
DA:145,0
DA:146,0
DA:156,0
DA:159,0
DA:166,0
DA:167,0
DA:168,0
DA:169,0
DA:171,0
DA:175,0
DA:176,0
DA:181,0
DA:191,0
DA:196,0
DA:197,0
DA:198,0
DA:202,0
DA:203,0
DA:210,0
DA:212,0
DA:213,0
DA:218,0
DA:219,0
DA:220,0
DA:224,0
DA:225,0
DA:232,0
DA:233,0
DA:243,0
DA:245,0
DA:246,0
DA:251,0
DA:252,0
DA:253,0
DA:257,0
DA:278,0
DA:282,0
DA:284,0
DA:285,0
DA:286,0
DA:289,0
DA:293,0
DA:296,0
DA:297,0
DA:298,0
DA:300,0
DA:302,0
DA:303,0
DA:308,0
DA:309,0
DA:311,0
DA:317,0
DA:319,0
DA:320,0
DA:325,0
DA:326,0
DA:327,0
DA:328,0
DA:329,0
DA:330,0
DA:332,0
DA:333,0
DA:338,0
DA:342,0
DA:346,0
DA:347,0
DA:348,0
DA:349,0
DA:351,0
DA:352,0
DA:357,0
DA:358,0
DA:359,0
DA:360,0
DA:362,0
DA:363,0
DA:368,0
DA:372,0
DA:373,0
DA:377,0
DA:378,0
DA:379,0
DA:383,0
DA:384,0
DA:385,0
DA:395,0
DA:396,0
DA:398,0
DA:399,0
DA:402,0
DA:403,0
DA:406,0
DA:408,0
DA:417,0
DA:418,0
DA:419,0
DA:421,0
DA:422,0
DA:429,0
DA:432,0
DA:434,0
DA:435,0
LF:136
LH:0
BRDA:112,0,0,0
BRDA:116,1,0,0
BRDA:116,1,1,0
BRDA:117,2,0,0
BRDA:117,2,1,0
BRDA:118,3,0,0
BRDA:118,3,1,0
BRDA:119,4,0,0
BRDA:119,4,1,0
BRDA:120,5,0,0
BRDA:120,5,1,0
BRDA:144,6,0,0
BRDA:144,7,0,0
BRDA:144,7,1,0
BRDA:148,8,0,0
BRDA:148,8,1,0
BRDA:148,8,2,0
BRDA:148,8,3,0
BRDA:149,9,0,0
BRDA:149,9,1,0
BRDA:150,10,0,0
BRDA:150,10,1,0
BRDA:151,11,0,0
BRDA:151,11,1,0
BRDA:166,12,0,0
BRDA:166,12,1,0
BRDA:168,13,0,0
BRDA:168,14,0,0
BRDA:168,14,1,0
BRDA:197,15,0,0
BRDA:210,16,0,0
BRDA:210,16,1,0
BRDA:219,17,0,0
BRDA:232,18,0,0
BRDA:252,19,0,0
BRDA:278,20,0,0
BRDA:278,20,1,0
BRDA:297,21,0,0
BRDA:307,22,0,0
BRDA:338,23,0,0
BRDA:338,23,1,0
BRDA:342,24,0,0
BRDA:342,24,1,0
BRDA:359,25,0,0
BRDA:383,26,0,0
BRDA:416,27,0,0
BRF:46
BRH:0
end_of_record
TN:
SF:src/main/services/SettingsService.ts
FN:53,(anonymous_0)
FN:57,(anonymous_1)
FN:63,(anonymous_2)
FN:84,(anonymous_3)
FN:90,(anonymous_4)
FN:101,(anonymous_5)
FN:120,(anonymous_6)
FN:129,(anonymous_7)
FN:139,(anonymous_8)
FN:180,(anonymous_9)
FN:220,(anonymous_10)
FN:246,(anonymous_11)
FN:272,(anonymous_12)
FN:280,(anonymous_13)
FN:307,(anonymous_14)
FN:323,(anonymous_15)
FN:336,(anonymous_16)
FN:346,(anonymous_17)
FNF:18
FNH:0
FNDA:0,(anonymous_0)
FNDA:0,(anonymous_1)
FNDA:0,(anonymous_2)
FNDA:0,(anonymous_3)
FNDA:0,(anonymous_4)
FNDA:0,(anonymous_5)
FNDA:0,(anonymous_6)
FNDA:0,(anonymous_7)
FNDA:0,(anonymous_8)
FNDA:0,(anonymous_9)
FNDA:0,(anonymous_10)
FNDA:0,(anonymous_11)
FNDA:0,(anonymous_12)
FNDA:0,(anonymous_13)
FNDA:0,(anonymous_14)
FNDA:0,(anonymous_15)
FNDA:0,(anonymous_16)
FNDA:0,(anonymous_17)
DA:33,0
DA:50,0
DA:51,0
DA:54,0
DA:58,0
DA:59,0
DA:61,0
DA:63,0
DA:64,0
DA:65,0
DA:68,0
DA:69,0
DA:70,0
DA:72,0
DA:73,0
DA:77,0
DA:79,0
DA:80,0
DA:85,0
DA:86,0
DA:90,0
DA:91,0
DA:94,0
DA:96,0
DA:97,0
DA:102,0
DA:103,0
DA:104,0
DA:105,0
DA:108,0
DA:109,0
DA:110,0
DA:111,0
DA:113,0
DA:115,0
DA:116,0
DA:121,0
DA:122,0
DA:124,0
DA:125,0
DA:130,0
DA:131,0
DA:132,0
DA:134,0
DA:135,0
DA:140,0
DA:141,0
DA:144,0
DA:145,0
DA:147,0
DA:151,0
DA:152,0
DA:153,0
DA:154,0
DA:158,0
DA:159,0
DA:161,0
DA:162,0
DA:166,0
DA:167,0
DA:171,0
DA:173,0
DA:175,0
DA:176,0
DA:181,0
DA:182,0
DA:184,0
DA:186,0
DA:190,0
DA:192,0
DA:194,0
DA:196,0
DA:199,0
DA:201,0
DA:203,0
DA:205,0
DA:207,0
DA:209,0
DA:211,0
DA:213,0
DA:216,0
DA:221,0
DA:222,0
DA:223,0
DA:224,0
DA:228,0
DA:229,0
DA:230,0
DA:231,0
DA:233,0
DA:235,0
DA:237,0
DA:239,0
DA:242,0
DA:247,0
DA:248,0
DA:251,0
DA:252,0
DA:253,0
DA:255,0
DA:259,0
DA:260,0
DA:262,0
DA:265,0
DA:266,0
DA:268,0
DA:273,0
DA:274,0
DA:276,0
DA:285,0
DA:286,0
DA:288,0
DA:289,0
DA:291,0
DA:292,0
DA:294,0
DA:295,0
DA:297,0
DA:298,0
DA:300,0
DA:301,0
DA:304,0
DA:312,0
DA:313,0
DA:314,0
DA:316,0
DA:327,0
DA:328,0
DA:330,0
DA:337,0
DA:338,0
DA:339,0
DA:343,0
DA:347,0
DA:350,0
DA:352,0
LF:136
LH:0
BRDA:68,0,0,0
BRDA:69,1,0,0
BRDA:70,2,0,0
BRDA:70,3,0,0
BRDA:70,3,1,0
BRDA:72,4,0,0
BRDA:104,5,0,0
BRDA:109,6,0,0
BRDA:110,7,0,0
BRDA:111,8,0,0
BRDA:111,9,0,0
BRDA:111,9,1,0
BRDA:152,10,0,0
BRDA:161,11,0,0
BRDA:161,12,0,0
BRDA:161,12,1,0
BRDA:161,12,2,0
BRDA:166,13,0,0
BRDA:182,14,0,0
BRDA:182,14,1,0
BRDA:182,14,2,0
BRDA:182,14,3,0
BRDA:182,14,4,0
BRDA:182,14,5,0
BRDA:182,14,6,0
BRDA:182,14,7,0
BRDA:182,14,8,0
BRDA:182,14,9,0
BRDA:182,14,10,0
BRDA:182,14,11,0
BRDA:182,14,12,0
BRDA:182,14,13,0
BRDA:182,14,14,0
BRDA:182,14,15,0
BRDA:182,14,16,0
BRDA:196,15,0,0
BRDA:196,15,1,0
BRDA:199,16,0,0
BRDA:199,16,1,0
BRDA:201,17,0,0
BRDA:201,17,1,0
BRDA:201,17,2,0
BRDA:203,18,0,0
BRDA:203,18,1,0
BRDA:203,18,2,0
BRDA:205,19,0,0
BRDA:205,19,1,0
BRDA:205,19,2,0
BRDA:207,20,0,0
BRDA:207,20,1,0
BRDA:209,21,0,0
BRDA:209,21,1,0
BRDA:209,21,2,0
BRDA:211,22,0,0
BRDA:211,22,1,0
BRDA:223,23,0,0
BRDA:233,24,0,0
BRDA:233,24,1,0
BRDA:233,24,2,0
BRDA:251,25,0,0
BRDA:289,26,0,0
BRDA:289,26,1,0
BRDA:289,26,2,0
BRDA:289,26,3,0
BRDA:338,27,0,0
BRF:65
BRH:0
end_of_record
TN:
SF:src/main/services/WalletService.ts
FN:40,(anonymous_1)
FN:46,(anonymous_2)
FN:60,(anonymous_3)
FN:105,(anonymous_4)
FN:110,(anonymous_5)
FN:114,(anonymous_6)
FN:144,(anonymous_7)
FN:157,(anonymous_8)
FN:178,(anonymous_9)
FN:182,(anonymous_10)
FN:201,(anonymous_11)
FN:219,(anonymous_12)
FN:237,(anonymous_13)
FN:256,(anonymous_14)
FN:273,(anonymous_15)
FN:286,(anonymous_16)
FN:323,(anonymous_17)
FN:341,(anonymous_18)
FN:351,(anonymous_19)
FN:362,(anonymous_20)
FN:375,(anonymous_21)
FNF:21
FNH:0
FNDA:0,(anonymous_1)
FNDA:0,(anonymous_2)
FNDA:0,(anonymous_3)
FNDA:0,(anonymous_4)
FNDA:0,(anonymous_5)
FNDA:0,(anonymous_6)
FNDA:0,(anonymous_7)
FNDA:0,(anonymous_8)
FNDA:0,(anonymous_9)
FNDA:0,(anonymous_10)
FNDA:0,(anonymous_11)
FNDA:0,(anonymous_12)
FNDA:0,(anonymous_13)
FNDA:0,(anonymous_14)
FNDA:0,(anonymous_15)
FNDA:0,(anonymous_16)
FNDA:0,(anonymous_17)
FNDA:0,(anonymous_18)
FNDA:0,(anonymous_19)
FNDA:0,(anonymous_20)
FNDA:0,(anonymous_21)
DA:1,0
DA:2,0
DA:3,0
DA:4,0
DA:5,0
DA:6,0
DA:34,0
DA:35,0
DA:36,0
DA:37,0
DA:38,0
DA:41,0
DA:42,0
DA:43,0
DA:47,0
DA:48,0
DA:50,0
DA:52,0
DA:54,0
DA:56,0
DA:61,0
DA:63,0
DA:64,0
DA:65,0
DA:68,0
DA:70,0
DA:71,0
DA:73,0
DA:75,0
DA:76,0
DA:77,0
DA:80,0
DA:81,0
DA:85,0
DA:86,0
DA:89,0
DA:91,0
DA:92,0
DA:94,0
DA:95,0
DA:96,0
DA:99,0
DA:100,0
DA:101,0
DA:106,0
DA:107,0
DA:111,0
DA:115,0
DA:116,0
DA:117,0
DA:120,0
DA:121,0
DA:124,0
DA:125,0
DA:126,0
DA:128,0
DA:132,0
DA:134,0
DA:135,0
DA:137,0
DA:139,0
DA:140,0
DA:145,0
DA:146,0
DA:147,0
DA:149,0
DA:150,0
DA:152,0
DA:154,0
DA:158,0
DA:159,0
DA:160,0
DA:163,0
DA:164,0
DA:165,0
DA:167,0
DA:168,0
DA:169,0
DA:171,0
DA:175,0
DA:179,0
DA:183,0
DA:184,0
DA:187,0
DA:188,0
DA:190,0
DA:191,0
DA:193,0
DA:195,0
DA:202,0
DA:203,0
DA:206,0
DA:207,0
DA:208,0
DA:210,0
DA:211,0
DA:213,0
DA:214,0
DA:216,0
DA:220,0
DA:221,0
DA:223,0
DA:224,0
DA:226,0
DA:232,0
DA:233,0
DA:238,0
DA:239,0
DA:240,0
DA:242,0
DA:243,0
DA:245,0
DA:251,0
DA:252,0
DA:257,0
DA:258,0
DA:259,0
DA:260,0
DA:263,0
DA:264,0
DA:266,0
DA:268,0
DA:269,0
DA:274,0
DA:275,0
DA:276,0
DA:278,0
DA:279,0
DA:281,0
DA:282,0
DA:287,0
DA:288,0
DA:290,0
DA:292,0
DA:294,0
DA:295,0
DA:297,0
DA:302,0
DA:324,0
DA:325,0
DA:326,0
DA:327,0
DA:330,0
DA:331,0
DA:332,0
DA:333,0
DA:334,0
DA:336,0
DA:342,0
DA:343,0
DA:344,0
DA:346,0
DA:347,0
DA:352,0
DA:353,0
DA:354,0
DA:355,0
DA:357,0
DA:358,0
DA:363,0
DA:364,0
DA:367,0
DA:368,0
DA:370,0
DA:377,0
LF:165
LH:0
BRDA:50,0,0,0
BRDA:50,0,1,0
BRDA:50,0,2,0
BRDA:64,1,0,0
BRDA:68,2,0,0
BRDA:68,2,1,0
BRDA:68,3,0,0
BRDA:68,3,1,0
BRDA:116,4,0,0
BRDA:116,5,0,0
BRDA:116,5,1,0
BRDA:159,6,0,0
BRDA:183,7,0,0
BRDA:202,8,0,0
BRDA:259,9,0,0
BRDA:259,10,0,0
BRDA:259,10,1,0
BRDA:363,11,0,0
BRDA:363,11,1,0
BRF:19
BRH:0
end_of_record
